Dec-14 10:18:27.953 [main] DEBUG nextflow.cli.Launcher - $> nextflow test.nf
Dec-14 10:18:28.008 [main] INFO  nextflow.cli.CmdRun - N E X T F L O W  ~  version 21.04.1
Dec-14 10:18:28.023 [main] INFO  nextflow.cli.CmdRun - Launching `test.nf` [jovial_fourier] - revision: fa26e1eee2
Dec-14 10:18:28.057 [main] DEBUG nextflow.plugin.PluginsFacade - Setting up plugin manager > mode=prod; plugins-dir=/home/jacopo/.nextflow/plugins
Dec-14 10:18:28.058 [main] DEBUG nextflow.plugin.PluginsFacade - Plugins default=[]
Dec-14 10:18:28.059 [main] DEBUG nextflow.plugin.PluginsFacade - Plugins local root: .nextflow/plr/empty
Dec-14 10:18:28.064 [main] INFO  org.pf4j.DefaultPluginStatusProvider - Enabled plugins: []
Dec-14 10:18:28.064 [main] INFO  org.pf4j.DefaultPluginStatusProvider - Disabled plugins: []
Dec-14 10:18:28.066 [main] INFO  org.pf4j.DefaultPluginManager - PF4J version 3.4.1 in 'deployment' mode
Dec-14 10:18:28.071 [main] INFO  org.pf4j.AbstractPluginManager - No plugins
Dec-14 10:18:28.098 [main] DEBUG nextflow.Session - Session uuid: 8526694d-1b4c-483c-bc27-f3c938b9f085
Dec-14 10:18:28.099 [main] DEBUG nextflow.Session - Run name: jovial_fourier
Dec-14 10:18:28.099 [main] DEBUG nextflow.Session - Executor pool size: 8
Dec-14 10:18:28.117 [main] DEBUG nextflow.cli.CmdRun - 
  Version: 21.04.1 build 5556
  Created: 14-05-2021 15:20 UTC (16:20 IST)
  System: Linux 5.11.0-41-generic
  Runtime: Groovy 3.0.7 on OpenJDK 64-Bit Server VM 11.0.11+9-Ubuntu-0ubuntu2.20.04
  Encoding: UTF-8 (UTF-8)
  Process: 73046@Latitude [127.0.1.1]
  CPUs: 8 - Mem: 31.1 GB (4 GB) - Swap: 2 GB (2 GB)
Dec-14 10:18:28.127 [main] DEBUG nextflow.Session - Work-dir: /home/jacopo/Documents/RTP/nextflow/test/work [ext2/ext3]
Dec-14 10:18:28.127 [main] DEBUG nextflow.Session - Script base path does not exist or is not a directory: /home/jacopo/Documents/RTP/nextflow/test/bin
Dec-14 10:18:28.133 [main] DEBUG nextflow.executor.ExecutorFactory - Extension executors providers=[]
Dec-14 10:18:28.139 [main] DEBUG nextflow.Session - Observer factory: DefaultObserverFactory
Dec-14 10:18:28.214 [main] DEBUG nextflow.Session - Session start invoked
Dec-14 10:18:28.571 [main] DEBUG nextflow.script.ScriptRunner - > Launching execution
Dec-14 10:18:28.576 [main] DEBUG nextflow.Session - Workflow process names [dsl1]: TEST
Dec-14 10:18:28.577 [main] INFO  nextflow.script.BaseScript - 6
Dec-14 10:18:28.623 [main] DEBUG nextflow.executor.ExecutorFactory - << taskConfig executor: null
Dec-14 10:18:28.624 [main] DEBUG nextflow.executor.ExecutorFactory - >> processorType: 'local'
Dec-14 10:18:28.627 [main] DEBUG nextflow.executor.Executor - [warm up] executor > local
Dec-14 10:18:28.630 [main] DEBUG n.processor.LocalPollingMonitor - Creating local task monitor for executor 'local' > cpus=8; memory=31.1 GB; capacity=8; pollInterval=100ms; dumpInterval=5m
Dec-14 10:18:28.708 [main] DEBUG nextflow.script.ScriptRunner - > Await termination 
Dec-14 10:18:28.708 [main] DEBUG nextflow.Session - Session await
Dec-14 10:18:28.759 [Task submitter] DEBUG nextflow.executor.LocalTaskHandler - Launch cmd line: /bin/bash -ue .command.run
Dec-14 10:18:28.762 [Task submitter] INFO  nextflow.Session - [19/384788] Submitted process > TEST
Dec-14 10:18:28.777 [Task monitor] DEBUG n.processor.TaskPollingMonitor - Task completed > TaskHandler[id: 1; name: TEST; status: COMPLETED; exit: 0; error: -; workDir: /home/jacopo/Documents/RTP/nextflow/test/work/19/384788823beb5865bbd7b7e8d719f0]
Dec-14 10:18:28.791 [Task monitor] DEBUG n.util.BlockingThreadExecutorFactory - Thread pool name=FileTransfer; maxThreads=24; maxQueueSize=72; keepAlive=1m
Dec-14 10:18:28.795 [main] DEBUG nextflow.Session - Session await > all process finished
Dec-14 10:18:28.796 [main] DEBUG nextflow.Session - Session await > all barriers passed
Dec-14 10:18:28.801 [main] DEBUG nextflow.trace.WorkflowStatsObserver - Workflow completed > WorkflowStats[succeededCount=1; failedCount=0; ignoredCount=0; cachedCount=0; pendingCount=0; submittedCount=0; runningCount=0; retriesCount=0; abortedCount=0; succeedDuration=4ms; failedDuration=0ms; cachedDuration=0ms;loadCpus=0; loadMemory=0; peakRunning=1; peakCpus=1; peakMemory=0; ]
Dec-14 10:18:28.831 [main] DEBUG nextflow.CacheDB - Closing CacheDB done
Dec-14 10:18:28.835 [main] DEBUG nextflow.script.ScriptRunner - > Execution complete -- Goodbye
